<?xml version="1.0" encoding="UTF-8"?>
<!-- Generated by org.testng.reporters.JUnitReportReporter -->
<testsuite hostname="DESKTOP-N1RIKQT" failures="0" tests="1" name="testCases.TC002_LoginTest" time="1.920" errors="0" timestamp="2024-07-30T13:57:37 GMT-04:00" skipped="0">
  <testcase classname="testCases.TC002_LoginTest" name="verify_login" time="1.920"/>
</testsuite> <!-- testCases.TC002_LoginTest -->
