<?xml version="1.0" encoding="UTF-8"?>
<!-- Generated by org.testng.reporters.JUnitReportReporter -->
<testsuite hostname="DESKTOP-N1RIKQT" failures="0" tests="1" name="testCases.TC001_AccountRegistrationTest" time="2.688" errors="0" timestamp="2024-07-30T13:57:37 GMT-04:00" skipped="0">
  <testcase classname="testCases.TC001_AccountRegistrationTest" name="verify_account_registration" time="2.688"/>
</testsuite> <!-- testCases.TC001_AccountRegistrationTest -->
