<?xml version="1.0" encoding="UTF-8"?>
<!-- Generated by org.testng.reporters.JUnitReportReporter -->
<testsuite hostname="Pavan-Lenova" failures="0" tests="1" name="testCases.TC_005_AddToCartPageTest" time="0.623" errors="0" timestamp="2024-05-09T18:56:46 IST" skipped="0">
  <testcase classname="testCases.TC_005_AddToCartPageTest" name="verify_addToCart" time="0.623"/>
</testsuite> <!-- testCases.TC_005_AddToCartPageTest -->
